<?xml version="1.0" encoding="UTF-8"?>
<!-- Generated by org.testng.reporters.JUnitReportReporter -->
<testsuite hostname="DESKTOP-E21MF35" failures="0" tests="6" name="com.testng.org.Priority_Test" time="0.158" errors="0" timestamp="2022-02-27T22:02:01 IST" skipped="0">
  <testcase classname="com.testng.org.Priority_Test" name="searchearphoes" time="0.055"/>
  <system-out/>
  <testcase classname="com.testng.org.Priority_Test" name="searchmobiles" time="0.013"/>
  <system-out/>
  <testcase classname="com.testng.org.Priority_Test" name="searchkitchenwares" time="0.040"/>
  <system-out/>
  <testcase classname="com.testng.org.Priority_Test" name="searchcamera" time="0.008"/>
  <system-out/>
  <testcase classname="com.testng.org.Priority_Test" name="searchlaptops" time="0.028"/>
  <system-out/>
  <testcase classname="com.testng.org.Priority_Test" name="searchgarments" time="0.014"/>
  <system-out/>
</testsuite> <!-- com.testng.org.Priority_Test -->
