<?xml version="1.0" encoding="UTF-8"?>
<!-- Generated by org.testng.reporters.JUnitReportReporter -->
<testsuite hostname="DESKTOP-E21MF35" failures="0" tests="7" name="com.testng.org.Simple_Annotation" time="244.518" errors="0" timestamp="2022-02-27T19:41:25 IST" skipped="0">
  <testcase classname="com.testng.org.Simple_Annotation" name="searchIphones" time="39.753"/>
  <system-out/>
  <testcase classname="com.testng.org.Simple_Annotation" name="searchTV" time="34.194"/>
  <system-out/>
  <testcase classname="com.testng.org.Simple_Annotation" name="searchbat" time="25.226"/>
  <system-out/>
  <testcase classname="com.testng.org.Simple_Annotation" name="searchcamera" time="46.591"/>
  <system-out/>
  <testcase classname="com.testng.org.Simple_Annotation" name="searchlaptop" time="29.764"/>
  <system-out/>
  <testcase classname="com.testng.org.Simple_Annotation" name="searchheadphones" time="30.873"/>
  <system-out/>
  <testcase classname="com.testng.org.Simple_Annotation" name="searchwatch" time="38.117"/>
  <system-out/>
</testsuite> <!-- com.testng.org.Simple_Annotation -->
