<?xml version="1.0" encoding="UTF-8"?>
<!-- Generated by org.testng.reporters.JUnitReportReporter -->
<testsuite hostname="DESKTOP-E21MF35" failures="0" tests="6" name="com.testng.org.Ignore_Test" time="0.158" errors="0" timestamp="2022-02-26T20:01:02 IST" skipped="2">
  <testcase classname="com.testng.org.Ignore_Test" name="searchkitchenwares" time="0.039"/>
  <system-out/>
  <testcase classname="com.testng.org.Ignore_Test" name="searchcamera" time="0.073"/>
  <system-out/>
  <testcase classname="com.testng.org.Ignore_Test" name="searchgarments" time="0.022"/>
  <system-out/>
  <testcase classname="com.testng.org.Ignore_Test" name="searchmobiles" time="0.024"/>
  <system-out/>
  <testcase classname="com.testng.org.Ignore_Test" name="searchlaptops">
    <skipped/>
  </testcase> <!-- searchlaptops -->
  <system-out/>
  <testcase classname="com.testng.org.Ignore_Test" name="searchearphoes">
    <skipped/>
  </testcase> <!-- searchearphoes -->
  <system-out/>
</testsuite> <!-- com.testng.org.Ignore_Test -->
