<?xml version="1.0" encoding="UTF-8"?>
<!-- Generated by org.testng.reporters.JUnitReportReporter -->
<testsuite hostname="DESKTOP-E21MF35" failures="0" tests="4" name="com.testng.org.Group_Test" time="0.143" errors="0" timestamp="2022-03-05T13:36:46 IST" skipped="0">
  <testcase classname="com.testng.org.Group_Test" name="searchpen" time="0.017"/>
  <system-out/>
  <testcase classname="com.testng.org.Group_Test" name="searchprinter" time="0.023"/>
  <system-out/>
  <testcase classname="com.testng.org.Group_Test" name="searchearphone" time="0.056"/>
  <system-out/>
  <testcase classname="com.testng.org.Group_Test" name="searchmobile" time="0.047"/>
  <system-out/>
</testsuite> <!-- com.testng.org.Group_Test -->
