<?xml version="1.0" encoding="UTF-8"?>
<!-- Generated by org.testng.reporters.JUnitReportReporter -->
<testsuite hostname="DESKTOP-E21MF35" failures="0" tests="13" name="com.testng.org.Innvocation_Count" time="0.165" errors="0" timestamp="2022-02-27T22:14:55 IST" skipped="0">
  <testcase classname="com.testng.org.Innvocation_Count" name="searchmobiles" time="0.003"/>
  <system-out/>
  <testcase classname="com.testng.org.Innvocation_Count" name="searchgarments" time="0.030"/>
  <system-out/>
  <testcase classname="com.testng.org.Innvocation_Count" name="searchearphoes" time="0.016"/>
  <system-out/>
  <testcase classname="com.testng.org.Innvocation_Count" name="searchcamera" time="0.042"/>
  <system-out/>
  <testcase classname="com.testng.org.Innvocation_Count" name="searchlaptops" time="0.004"/>
  <system-out/>
  <testcase classname="com.testng.org.Innvocation_Count" name="searchearphoes" time="0.008"/>
  <system-out/>
  <testcase classname="com.testng.org.Innvocation_Count" name="searchearphoes" time="0.013"/>
  <system-out/>
  <testcase classname="com.testng.org.Innvocation_Count" name="searchcamera" time="0.009"/>
  <system-out/>
  <testcase classname="com.testng.org.Innvocation_Count" name="searchmobiles" time="0.002"/>
  <system-out/>
  <testcase classname="com.testng.org.Innvocation_Count" name="searchearphoes" time="0.020"/>
  <system-out/>
  <testcase classname="com.testng.org.Innvocation_Count" name="searchkitchenwares" time="0.004"/>
  <system-out/>
  <testcase classname="com.testng.org.Innvocation_Count" name="searchearphoes" time="0.009"/>
  <system-out/>
  <testcase classname="com.testng.org.Innvocation_Count" name="searchmobiles" time="0.005"/>
  <system-out/>
</testsuite> <!-- com.testng.org.Innvocation_Count -->
