<?xml version="1.0" encoding="UTF-8"?>
<!-- Generated by org.testng.reporters.JUnitReportReporter -->
<testsuite hostname="DESKTOP-E21MF35" failures="0" tests="2" name="com.testng.org.Exception_Test" time="0.082" errors="0" timestamp="2022-02-27T22:23:47 IST" skipped="0">
  <testcase classname="com.testng.org.Exception_Test" name="add" time="0.078"/>
  <system-out/>
  <testcase classname="com.testng.org.Exception_Test" name="divide" time="0.004"/>
  <system-out/>
</testsuite> <!-- com.testng.org.Exception_Test -->
